  hander.cpp
c:\users\tdnguyen1\documents\visual studio 2017\projects\project3\project3\hander.cpp(1): warning C4067: unexpected tokens following preprocessor directive - expected a newline
c:\program files (x86)\microsoft visual studio\2017\community\vc\tools\msvc\14.10.25017\include\thr\xthread(240): error C2672: 'std::invoke': no matching overloaded function found
  c:\program files (x86)\microsoft visual studio\2017\community\vc\tools\msvc\14.10.25017\include\thr\xthread(248): note: see reference to function template instantiation 'void std::_LaunchPad<_Target>::_Execute<0,1,2>(std::tuple<void (__cdecl *)(Hour *),Hour *,bool> &,std::integer_sequence<_Ty,0,1,2>)' being compiled
          with
          [
              _Target=std::unique_ptr<std::tuple<void (__cdecl *)(Hour *),Hour *,bool>,std::default_delete<std::tuple<void (__cdecl *)(Hour *),Hour *,bool>>>,
              _Ty=::size_t
          ]
  c:\program files (x86)\microsoft visual studio\2017\community\vc\tools\msvc\14.10.25017\include\thr\xthread(247): note: see reference to function template instantiation 'void std::_LaunchPad<_Target>::_Execute<0,1,2>(std::tuple<void (__cdecl *)(Hour *),Hour *,bool> &,std::integer_sequence<_Ty,0,1,2>)' being compiled
          with
          [
              _Target=std::unique_ptr<std::tuple<void (__cdecl *)(Hour *),Hour *,bool>,std::default_delete<std::tuple<void (__cdecl *)(Hour *),Hour *,bool>>>,
              _Ty=::size_t
          ]
  c:\program files (x86)\microsoft visual studio\2017\community\vc\tools\msvc\14.10.25017\include\thr\xthread(244): note: while compiling class template member function 'void std::_LaunchPad<_Target>::_Run(std::_LaunchPad<_Target> *) noexcept'
          with
          [
              _Target=std::unique_ptr<std::tuple<void (__cdecl *)(Hour *),Hour *,bool>,std::default_delete<std::tuple<void (__cdecl *)(Hour *),Hour *,bool>>>
          ]
  c:\program files (x86)\microsoft visual studio\2017\community\vc\tools\msvc\14.10.25017\include\thr\xthread(232): note: see reference to function template instantiation 'void std::_LaunchPad<_Target>::_Run(std::_LaunchPad<_Target> *) noexcept' being compiled
          with
          [
              _Target=std::unique_ptr<std::tuple<void (__cdecl *)(Hour *),Hour *,bool>,std::default_delete<std::tuple<void (__cdecl *)(Hour *),Hour *,bool>>>
          ]
  c:\program files (x86)\microsoft visual studio\2017\community\vc\tools\msvc\14.10.25017\include\thr\xthread(259): note: see reference to class template instantiation 'std::_LaunchPad<_Target>' being compiled
          with
          [
              _Target=std::unique_ptr<std::tuple<void (__cdecl *)(Hour *),Hour *,bool>,std::default_delete<std::tuple<void (__cdecl *)(Hour *),Hour *,bool>>>
          ]
  c:\program files (x86)\microsoft visual studio\2017\community\vc\tools\msvc\14.10.25017\include\thread(49): note: see reference to function template instantiation 'void std::_Launch<std::unique_ptr<std::tuple<void (__cdecl *)(Hour *),Hour *,bool>,std::default_delete<_Ty>>>(_Thrd_t *,_Target &&)' being compiled
          with
          [
              _Ty=std::tuple<void (__cdecl *)(Hour *),Hour *,bool>,
              _Target=std::unique_ptr<std::tuple<void (__cdecl *)(Hour *),Hour *,bool>,std::default_delete<std::tuple<void (__cdecl *)(Hour *),Hour *,bool>>>
          ]
  c:\users\tdnguyen1\documents\visual studio 2017\projects\project3\project3\hander.cpp(205): note: see reference to function template instantiation 'std::thread::thread<void(__cdecl &)(Hour *),Hour*&,bool&,void>(_Fn,Hour *&,bool &)' being compiled
          with
          [
              _Fn=void (__cdecl &)(Hour *)
          ]
c:\program files (x86)\microsoft visual studio\2017\community\vc\tools\msvc\14.10.25017\include\thr\xthread(240): error C2893: Failed to specialize function template 'unknown-type std::invoke(_Callable &&,_Types &&...) noexcept(<expr>)'
  c:\program files (x86)\microsoft visual studio\2017\community\vc\tools\msvc\14.10.25017\include\thr\xthread(240): note: With the following template arguments:
  c:\program files (x86)\microsoft visual studio\2017\community\vc\tools\msvc\14.10.25017\include\thr\xthread(240): note: '_Callable=void (__cdecl *)(Hour *)'
  c:\program files (x86)\microsoft visual studio\2017\community\vc\tools\msvc\14.10.25017\include\thr\xthread(240): note: '_Types={Hour *, bool}'
